<?xml version="1.0" encoding="UTF-8"?>
<testng-results skipped="0" failed="0" ignored="0" total="7" passed="7">
  <reporter-output>
  </reporter-output>
  <suite name="Suite" duration-ms="14709" started-at="2021-11-20T09:05:45Z" finished-at="2021-11-20T09:06:00Z">
    <groups>
    </groups>
    <test name="AmazonTest" duration-ms="5019" started-at="2021-11-20T09:05:45Z" finished-at="2021-11-20T09:05:50Z">
      <class name="Mytests.amazonTest">
        <test-method status="PASS" signature="setUp()[pri:0, instance:Mytests.amazonTest@77eca502]" name="setUp" is-config="true" duration-ms="2026" started-at="2021-11-20T09:05:45Z" finished-at="2021-11-20T09:05:47Z">
          <reporter-output>
          </reporter-output>
        </test-method> <!-- setUp -->
        <test-method status="PASS" signature="demoCartTitleTest()[pri:2, instance:Mytests.amazonTest@77eca502]" name="demoCartTitleTest" duration-ms="2645" started-at="2021-11-20T09:05:47Z" finished-at="2021-11-20T09:05:50Z">
          <reporter-output>
          </reporter-output>
        </test-method> <!-- demoCartTitleTest -->
        <test-method status="PASS" signature="amazonLogoTest()[pri:3, instance:Mytests.amazonTest@77eca502]" name="amazonLogoTest" duration-ms="91" started-at="2021-11-20T09:05:50Z" finished-at="2021-11-20T09:05:50Z">
          <reporter-output>
          </reporter-output>
        </test-method> <!-- amazonLogoTest -->
        <test-method status="PASS" signature="tearDown()[pri:0, instance:Mytests.amazonTest@77eca502]" name="tearDown" is-config="true" duration-ms="118" started-at="2021-11-20T09:05:50Z" finished-at="2021-11-20T09:05:50Z">
          <reporter-output>
          </reporter-output>
        </test-method> <!-- tearDown -->
      </class> <!-- Mytests.amazonTest -->
    </test> <!-- AmazonTest -->
    <test name="OrangeHrm" duration-ms="6236" started-at="2021-11-20T09:05:50Z" finished-at="2021-11-20T09:05:56Z">
      <class name="Mytests.OrganeHrmTest">
        <test-method status="PASS" signature="setUp()[pri:0, instance:Mytests.OrganeHrmTest@44821a96]" name="setUp" is-config="true" duration-ms="1675" started-at="2021-11-20T09:05:50Z" finished-at="2021-11-20T09:05:52Z">
          <reporter-output>
          </reporter-output>
        </test-method> <!-- setUp -->
        <test-method status="PASS" signature="checkButton()[pri:1, instance:Mytests.OrganeHrmTest@44821a96]" name="checkButton" duration-ms="4431" started-at="2021-11-20T09:05:52Z" finished-at="2021-11-20T09:05:56Z">
          <reporter-output>
          </reporter-output>
        </test-method> <!-- checkButton -->
        <test-method status="PASS" signature="orangeHrmTitleTest()[pri:2, instance:Mytests.OrganeHrmTest@44821a96]" name="orangeHrmTitleTest" duration-ms="11" started-at="2021-11-20T09:05:56Z" finished-at="2021-11-20T09:05:56Z">
          <reporter-output>
          </reporter-output>
        </test-method> <!-- orangeHrmTitleTest -->
        <test-method status="PASS" signature="orangeHrmUrlTest()[pri:3, instance:Mytests.OrganeHrmTest@44821a96]" name="orangeHrmUrlTest" duration-ms="6" started-at="2021-11-20T09:05:56Z" finished-at="2021-11-20T09:05:56Z">
          <reporter-output>
          </reporter-output>
        </test-method> <!-- orangeHrmUrlTest -->
        <test-method status="PASS" signature="tearDown()[pri:0, instance:Mytests.OrganeHrmTest@44821a96]" name="tearDown" is-config="true" duration-ms="107" started-at="2021-11-20T09:05:56Z" finished-at="2021-11-20T09:05:56Z">
          <reporter-output>
          </reporter-output>
        </test-method> <!-- tearDown -->
      </class> <!-- Mytests.OrganeHrmTest -->
    </test> <!-- OrangeHrm -->
    <test name="DemoCart" duration-ms="3436" started-at="2021-11-20T09:05:56Z" finished-at="2021-11-20T09:06:00Z">
      <class name="Mytests.DemoCartTest">
        <test-method status="PASS" signature="setUp()[pri:0, instance:Mytests.DemoCartTest@51dcb805]" name="setUp" is-config="true" duration-ms="1687" started-at="2021-11-20T09:05:56Z" finished-at="2021-11-20T09:05:58Z">
          <reporter-output>
          </reporter-output>
        </test-method> <!-- setUp -->
        <test-method status="PASS" signature="demoCartTitleTest()[pri:2, instance:Mytests.DemoCartTest@51dcb805]" name="demoCartTitleTest" duration-ms="1649" started-at="2021-11-20T09:05:58Z" finished-at="2021-11-20T09:06:00Z">
          <reporter-output>
          </reporter-output>
        </test-method> <!-- demoCartTitleTest -->
        <test-method status="PASS" signature="demoCartUrlTest()[pri:3, instance:Mytests.DemoCartTest@51dcb805]" name="demoCartUrlTest" duration-ms="6" started-at="2021-11-20T09:06:00Z" finished-at="2021-11-20T09:06:00Z">
          <reporter-output>
          </reporter-output>
        </test-method> <!-- demoCartUrlTest -->
        <test-method status="PASS" signature="tearDown()[pri:0, instance:Mytests.DemoCartTest@51dcb805]" name="tearDown" is-config="true" duration-ms="90" started-at="2021-11-20T09:06:00Z" finished-at="2021-11-20T09:06:00Z">
          <reporter-output>
          </reporter-output>
        </test-method> <!-- tearDown -->
      </class> <!-- Mytests.DemoCartTest -->
    </test> <!-- DemoCart -->
  </suite> <!-- Suite -->
</testng-results>
