<?xml version="1.0" encoding="UTF-8"?>
<testng-results skipped="0" failed="0" ignored="0" total="1" passed="1">
  <reporter-output>
  </reporter-output>
  <suite name="Default suite" duration-ms="8875" started-at="2021-10-28T05:04:30Z" finished-at="2021-10-28T05:04:39Z">
    <groups>
    </groups>
    <test name="Default test" duration-ms="8875" started-at="2021-10-28T05:04:30Z" finished-at="2021-10-28T05:04:39Z">
      <class name="com.qa.opencart.tests.HomePageTest">
        <test-method status="PASS" signature="launching()[pri:0, instance:com.qa.opencart.tests.HomePageTest@3972a855]" name="launching" duration-ms="8782" started-at="2021-10-28T05:04:30Z" finished-at="2021-10-28T05:04:39Z">
          <reporter-output>
          </reporter-output>
        </test-method> <!-- launching -->
      </class> <!-- com.qa.opencart.tests.HomePageTest -->
    </test> <!-- Default test -->
  </suite> <!-- Default suite -->
</testng-results>
