<?xml version="1.0" encoding="UTF-8"?>
<!-- Generated by org.testng.reporters.JUnitXMLReporter -->
<testsuite hostname="DV-100871" ignored="0" name="OrangeHrm" tests="3" failures="0" timestamp="20 Nov 2021 09:05:56 GMT" time="6.236" errors="0">
  <testcase name="checkButton" time="4.431" classname="Mytests.OrganeHrmTest"/>
  <testcase name="orangeHrmTitleTest" time="0.011" classname="Mytests.OrganeHrmTest"/>
  <testcase name="orangeHrmUrlTest" time="0.006" classname="Mytests.OrganeHrmTest"/>
</testsuite> <!-- OrangeHrm -->
